#
# A fatal error has been detected by the Java Runtime Environment:
#
#  EXCEPTION_ACCESS_VIOLATION (0xc0000005) at pc=0x04f7e416, pid=1828, tid=4868
#
# JRE version: 7.0_05-b05
# Java VM: Java HotSpot(TM) Client VM (23.1-b03 mixed mode, sharing windows-x86 )
# Problematic frame:
# C  [pdfprn.dll+0xe416]  DrvEnableDriver+0x1a6
#
# Failed to write core dump. Minidumps are not enabled by default on client versions of Windows
#
# If you would like to submit a bug report, please visit:
#   http://bugreport.sun.com/bugreport/crash.jsp
# The crash happened outside the Java Virtual Machine in native code.
# See problematic frame for where to report the bug.
#

---------------  T H R E A D  ---------------

Current thread (0x02fd8c00):  JavaThread "AWT-EventQueue-0" [_thread_in_native, id=4868, stack(0x032d0000,0x03320000)]

siginfo: ExceptionCode=0xc0000005, writing address 0x00000014

Registers:
EAX=0x00000000, EBX=0x0331ef14, ECX=0x04982ab8, EDX=0x036d6bc8
ESP=0x0331e678, EBP=0x0331e6b4, ESI=0x036dac48, EDI=0x036d69b8
EIP=0x04f7e416, EFLAGS=0x00010202

Top of Stack: (sp=0x0331e678)
0x0331e678:   036d6bc8 00000000 00000007 77f2b968
0x0331e688:   036d69b8 036dac48 00002afb 0331ef14
0x0331e698:   04981500 049817c8 00000001 00000000
0x0331e6a8:   00000001 00000001 00000000 0331ef04
0x0331e6b8:   7e430423 00000000 0331e6cc 00000004
0x0331e6c8:   049812d8 049812d8 00000001 00000001
0x0331e6d8:   00000001 00000001 00000001 00000000
0x0331e6e8:   00000000 00000001 00000000 00000000 

Instructions: (pc=0x04f7e416)
0x04f7e3f6:   f6 87 80 01 00 00 04 0f 84 9e 00 00 00 8b 87 1c
0x04f7e406:   04 00 00 8d 97 10 02 00 00 89 86 1c 04 00 00 52
0x04f7e416:   89 70 14 8b 87 0c 02 00 00 89 86 0c 02 00 00 8b
0x04f7e426:   8f e4 00 00 00 8d 86 10 02 00 00 89 8e e4 00 00 


Register to memory mapping:

EAX=0x00000000 is an unknown value
EBX=0x0331ef14 is pointing into the stack for thread: 0x02fd8c00
ECX=0x04982ab8 is an unknown value
EDX=0x036d6bc8 is an unknown value
ESP=0x0331e678 is pointing into the stack for thread: 0x02fd8c00
EBP=0x0331e6b4 is pointing into the stack for thread: 0x02fd8c00
ESI=0x036dac48 is an unknown value
EDI=0x036d69b8 is an unknown value


Stack: [0x032d0000,0x03320000],  sp=0x0331e678,  free space=313k
Native frames: (J=compiled Java code, j=interpreted, Vv=VM code, C=native code)
C  [pdfprn.dll+0xe416]  DrvEnableDriver+0x1a6
C  [USER32.dll+0x20423]  SetWindowWord+0x48
C  [ntdll.dll+0xe473]  KiUserCallbackDispatcher+0x13
C  [GDI32.dll+0x1b9c1]  ResetDCW+0x12
C  [awt.dll+0x884e9]  Java_sun_awt_windows_WPrinterJob_deviceStartPage+0x1b2
j  sun.awt.windows.WPrinterJob.deviceStartPage(Ljava/awt/print/PageFormat;Ljava/awt/print/Printable;IZ)V+0
j  sun.awt.windows.WPrinterJob.startPage(Ljava/awt/print/PageFormat;Ljava/awt/print/Printable;IZ)V+10
j  sun.print.RasterPrinterJob.printPage(Ljava/awt/print/Pageable;I)I+677
j  sun.print.RasterPrinterJob.print(Ljavax/print/attribute/PrintRequestAttributeSet;)V+700
j  com.vendhaq.handlers.InvoicePrintController.defaultPrintPage(Lcom/vendhaq/handlers/InvoicePagePrint;)V+256
j  com.vendhaq.handlers.InvoicePrintController.printInvoice([[Ljava/lang/String;FIFFLjava/lang/String;Ljava/lang/String;)V+35
j  com.vendhaq.layout.InvoiceScreen$16.run()V+227
j  java.awt.event.InvocationEvent.dispatch()V+47
j  java.awt.EventQueue.dispatchEventImpl(Ljava/awt/AWTEvent;Ljava/lang/Object;)V+21
j  java.awt.EventQueue.access$000(Ljava/awt/EventQueue;Ljava/awt/AWTEvent;Ljava/lang/Object;)V+3
j  java.awt.EventQueue$3.run()Ljava/lang/Void;+12
j  java.awt.EventQueue$3.run()Ljava/lang/Object;+1
v  ~StubRoutines::call_stub
V  [jvm.dll+0x12964a]
V  [jvm.dll+0x1d851e]
V  [jvm.dll+0x1296cd]
V  [jvm.dll+0xd914a]
C  [java.dll+0x102f]  Java_java_security_AccessController_doPrivileged__Ljava_security_PrivilegedAction_2Ljava_security_AccessControlContext_2+0x17
j  java.security.ProtectionDomain$1.doIntersectionPrivilege(Ljava/security/PrivilegedAction;Ljava/security/AccessControlContext;Ljava/security/AccessControlContext;)Ljava/lang/Object;+28
j  java.awt.EventQueue.dispatchEvent(Ljava/awt/AWTEvent;)V+46
J  java.awt.EventDispatchThread.pumpOneEventForFilters(I)V
j  java.awt.EventDispatchThread.pumpEventsForHierarchy(ILjava/awt/Conditional;Ljava/awt/Component;)V+11
j  java.awt.EventDispatchThread.pumpEvents(ILjava/awt/Conditional;)V+4
j  java.awt.EventDispatchThread.pumpEvents(Ljava/awt/Conditional;)V+3
j  java.awt.EventDispatchThread.run()V+9
v  ~StubRoutines::call_stub
V  [jvm.dll+0x12964a]
V  [jvm.dll+0x1d851e]
V  [jvm.dll+0x129833]
V  [jvm.dll+0x129897]
V  [jvm.dll+0xd24af]
V  [jvm.dll+0x149977]
V  [jvm.dll+0x149ae0]
V  [jvm.dll+0x17e049]
C  [msvcr100.dll+0x5c6de]  endthreadex+0x3a
C  [msvcr100.dll+0x5c788]  endthreadex+0xe4
C  [kernel32.dll+0xb729]  GetModuleFileNameA+0x1ba

Java frames: (J=compiled Java code, j=interpreted, Vv=VM code)
j  sun.awt.windows.WPrinterJob.deviceStartPage(Ljava/awt/print/PageFormat;Ljava/awt/print/Printable;IZ)V+0
j  sun.awt.windows.WPrinterJob.startPage(Ljava/awt/print/PageFormat;Ljava/awt/print/Printable;IZ)V+10
j  sun.print.RasterPrinterJob.printPage(Ljava/awt/print/Pageable;I)I+677
j  sun.print.RasterPrinterJob.print(Ljavax/print/attribute/PrintRequestAttributeSet;)V+700
j  com.vendhaq.handlers.InvoicePrintController.defaultPrintPage(Lcom/vendhaq/handlers/InvoicePagePrint;)V+256
j  com.vendhaq.handlers.InvoicePrintController.printInvoice([[Ljava/lang/String;FIFFLjava/lang/String;Ljava/lang/String;)V+35
j  com.vendhaq.layout.InvoiceScreen$16.run()V+227
j  java.awt.event.InvocationEvent.dispatch()V+47
j  java.awt.EventQueue.dispatchEventImpl(Ljava/awt/AWTEvent;Ljava/lang/Object;)V+21
j  java.awt.EventQueue.access$000(Ljava/awt/EventQueue;Ljava/awt/AWTEvent;Ljava/lang/Object;)V+3
j  java.awt.EventQueue$3.run()Ljava/lang/Void;+12
j  java.awt.EventQueue$3.run()Ljava/lang/Object;+1
v  ~StubRoutines::call_stub
J  java.security.AccessController.doPrivileged(Ljava/security/PrivilegedAction;Ljava/security/AccessControlContext;)Ljava/lang/Object;
j  java.security.ProtectionDomain$1.doIntersectionPrivilege(Ljava/security/PrivilegedAction;Ljava/security/AccessControlContext;Ljava/security/AccessControlContext;)Ljava/lang/Object;+28
j  java.awt.EventQueue.dispatchEvent(Ljava/awt/AWTEvent;)V+46
J  java.awt.EventDispatchThread.pumpOneEventForFilters(I)V
j  java.awt.EventDispatchThread.pumpEventsForFilter(ILjava/awt/Conditional;Ljava/awt/EventFilter;)V+48
j  java.awt.EventDispatchThread.pumpEventsForHierarchy(ILjava/awt/Conditional;Ljava/awt/Component;)V+11
j  java.awt.EventDispatchThread.pumpEvents(ILjava/awt/Conditional;)V+4
j  java.awt.EventDispatchThread.pumpEvents(Ljava/awt/Conditional;)V+3
j  java.awt.EventDispatchThread.run()V+9
v  ~StubRoutines::call_stub

---------------  P R O C E S S  ---------------

Java Threads: ( => current thread )
  0x02b1f800 JavaThread "Thread-7" daemon [_thread_in_native, id=288, stack(0x04f20000,0x04f70000)]
  0x03f71800 JavaThread "D3D Screen Updater" daemon [_thread_blocked, id=4944, stack(0x03870000,0x038c0000)]
  0x03edf800 JavaThread "TimerQueue" daemon [_thread_blocked, id=1400, stack(0x03710000,0x03760000)]
  0x00869c00 JavaThread "DestroyJavaVM" [_thread_blocked, id=1820, stack(0x00950000,0x009a0000)]
=>0x02fd8c00 JavaThread "AWT-EventQueue-0" [_thread_in_native, id=4868, stack(0x032d0000,0x03320000)]
  0x02fd2400 JavaThread "AWT-Windows" daemon [_thread_in_native, id=4244, stack(0x031d0000,0x03220000)]
  0x02fd0c00 JavaThread "AWT-Shutdown" [_thread_blocked, id=5772, stack(0x03180000,0x031d0000)]
  0x02fcfc00 JavaThread "Java2D Disposer" daemon [_thread_blocked, id=6044, stack(0x03130000,0x03180000)]
  0x02afdc00 JavaThread "Service Thread" daemon [_thread_blocked, id=1260, stack(0x02e90000,0x02ee0000)]
  0x02afb400 JavaThread "C1 CompilerThread0" daemon [_thread_blocked, id=2320, stack(0x02e40000,0x02e90000)]
  0x02af6800 JavaThread "Attach Listener" daemon [_thread_blocked, id=892, stack(0x02df0000,0x02e40000)]
  0x02af5000 JavaThread "Signal Dispatcher" daemon [_thread_blocked, id=3032, stack(0x02da0000,0x02df0000)]
  0x02ae6400 JavaThread "Finalizer" daemon [_thread_blocked, id=1856, stack(0x02d50000,0x02da0000)]
  0x02ae1800 JavaThread "Reference Handler" daemon [_thread_blocked, id=4780, stack(0x02d00000,0x02d50000)]

Other Threads:
  0x02adfc00 VMThread [stack: 0x02cb0000,0x02d00000] [id=2252]
  0x02b11800 WatcherThread [stack: 0x02ee0000,0x02f30000] [id=216]

VM state:not at safepoint (normal execution)

VM Mutex/Monitor currently owned by a thread: None

Heap
 def new generation   total 5952K, used 2849K [0x22b50000, 0x231c0000, 0x280a0000)
  eden space 5312K,  46% used [0x22b50000, 0x22db48b8, 0x23080000)
  from space 640K,  62% used [0x23080000, 0x230e3b98, 0x23120000)
  to   space 640K,   0% used [0x23120000, 0x23120000, 0x231c0000)
 tenured generation   total 13120K, used 10716K [0x280a0000, 0x28d70000, 0x32b50000)
   the space 13120K,  81% used [0x280a0000, 0x28b170f8, 0x28b17200, 0x28d70000)
 compacting perm gen  total 12288K, used 9845K [0x32b50000, 0x33750000, 0x36b50000)
   the space 12288K,  80% used [0x32b50000, 0x334ed500, 0x334ed600, 0x33750000)
    ro space 10240K,  42% used [0x36b50000, 0x36f8e580, 0x36f8e600, 0x37550000)
    rw space 12288K,  54% used [0x37550000, 0x37bcf128, 0x37bcf200, 0x38150000)

Code Cache  [0x009d0000, 0x00d28000, 0x029d0000)
 total_blobs=1820 nmethods=1543 adapters=211 free_code_cache=29356Kb largest_free_block=30059904

Compilation events (10 events):
Event: 82.114 Thread 0x02afb400 1547             java.util.regex.Matcher::reset (83 bytes)
Event: 82.114 Thread 0x02afb400 nmethod 1547 0x00d23d88 code [0x00d23ea0, 0x00d23fec]
Event: 82.115 Thread 0x02afb400 1548             java.awt.geom.Point2D::<init> (5 bytes)
Event: 82.115 Thread 0x02afb400 nmethod 1548 0x00d241c8 code [0x00d242c0, 0x00d24340]
Event: 82.117 Thread 0x02afb400 1549             java.awt.geom.RectIterator::next (11 bytes)
Event: 82.117 Thread 0x02afb400 nmethod 1549 0x00d24388 code [0x00d24480, 0x00d24500]
Event: 82.120 Thread 0x02afb400 1550             java.awt.font.FontRenderContext::equals (127 bytes)
Event: 82.121 Thread 0x02afb400 nmethod 1550 0x00d24548 code [0x00d246b0, 0x00d24b80]
Event: 82.121 Thread 0x02afb400 1551             sun.font.CompositeStrike::getStrikeForSlot (42 bytes)
Event: 82.121 Thread 0x02afb400 nmethod 1551 0x00d24d88 code [0x00d24eb0, 0x00d25058]

GC Heap History (10 events):
Event: 11.396 GC heap before
{Heap before GC invocations=39 (full 1):
 def new generation   total 5952K, used 5388K [0x22b50000, 0x231c0000, 0x280a0000)
  eden space 5312K, 100% used [0x22b50000, 0x23080000, 0x23080000)
  from space 640K,  11% used [0x23120000, 0x23133238, 0x231c0000)
  to   space 640K,   0% used [0x23080000, 0x23080000, 0x23120000)
 tenured generation   total 13120K, used 10454K [0x280a0000, 0x28d70000, 0x32b50000)
   the space 13120K,  79% used [0x280a0000, 0x28ad5a40, 0x28ad5c00, 0x28d70000)
 compacting perm gen  total 12288K, used 9493K [0x32b50000, 0x33750000, 0x36b50000)
   the space 12288K,  77% used [0x32b50000, 0x33495418, 0x33495600, 0x33750000)
    ro space 10240K,  42% used [0x36b50000, 0x36f8e580, 0x36f8e600, 0x37550000)
    rw space 12288K,  54% used [0x37550000, 0x37bcf128, 0x37bcf200, 0x38150000)
Event: 11.398 GC heap after
Heap after GC invocations=40 (full 1):
 def new generation   total 5952K, used 224K [0x22b50000, 0x231c0000, 0x280a0000)
  eden space 5312K,   0% used [0x22b50000, 0x22b50000, 0x23080000)
  from space 640K,  35% used [0x23080000, 0x230b8080, 0x23120000)
  to   space 640K,   0% used [0x23120000, 0x23120000, 0x231c0000)
 tenured generation   total 13120K, used 10454K [0x280a0000, 0x28d70000, 0x32b50000)
   the space 13120K,  79% used [0x280a0000, 0x28ad5a40, 0x28ad5c00, 0x28d70000)
 compacting perm gen  total 12288K, used 9493K [0x32b50000, 0x33750000, 0x36b50000)
   the space 12288K,  77% used [0x32b50000, 0x33495418, 0x33495600, 0x33750000)
    ro space 10240K,  42% used [0x36b50000, 0x36f8e580, 0x36f8e600, 0x37550000)
    rw space 12288K,  54% used [0x37550000, 0x37bcf128, 0x37bcf200, 0x38150000)
}
Event: 11.430 GC heap before
{Heap before GC invocations=40 (full 1):
 def new generation   total 5952K, used 5536K [0x22b50000, 0x231c0000, 0x280a0000)
  eden space 5312K, 100% used [0x22b50000, 0x23080000, 0x23080000)
  from space 640K,  35% used [0x23080000, 0x230b8080, 0x23120000)
  to   space 640K,   0% used [0x23120000, 0x23120000, 0x231c0000)
 tenured generation   total 13120K, used 10454K [0x280a0000, 0x28d70000, 0x32b50000)
   the space 13120K,  79% used [0x280a0000, 0x28ad5a40, 0x28ad5c00, 0x28d70000)
 compacting perm gen  total 12288K, used 9496K [0x32b50000, 0x33750000, 0x36b50000)
   the space 12288K,  77% used [0x32b50000, 0x334962a0, 0x33496400, 0x33750000)
    ro space 10240K,  42% used [0x36b50000, 0x36f8e580, 0x36f8e600, 0x37550000)
    rw space 12288K,  54% used [0x37550000, 0x37bcf128, 0x37bcf200, 0x38150000)
Event: 11.432 GC heap after
Heap after GC invocations=41 (full 1):
 def new generation   total 5952K, used 345K [0x22b50000, 0x231c0000, 0x280a0000)
  eden space 5312K,   0% used [0x22b50000, 0x22b50000, 0x23080000)
  from space 640K,  53% used [0x23120000, 0x23176568, 0x231c0000)
  to   space 640K,   0% used [0x23080000, 0x23080000, 0x23120000)
 tenured generation   total 13120K, used 10454K [0x280a0000, 0x28d70000, 0x32b50000)
   the space 13120K,  79% used [0x280a0000, 0x28ad5a40, 0x28ad5c00, 0x28d70000)
 compacting perm gen  total 12288K, used 9496K [0x32b50000, 0x33750000, 0x36b50000)
   the space 12288K,  77% used [0x32b50000, 0x334962a0, 0x33496400, 0x33750000)
    ro space 10240K,  42% used [0x36b50000, 0x36f8e580, 0x36f8e600, 0x37550000)
    rw space 12288K,  54% used [0x37550000, 0x37bcf128, 0x37bcf200, 0x38150000)
}
Event: 11.926 GC heap before
{Heap before GC invocations=41 (full 1):
 def new generation   total 5952K, used 5657K [0x22b50000, 0x231c0000, 0x280a0000)
  eden space 5312K, 100% used [0x22b50000, 0x23080000, 0x23080000)
  from space 640K,  53% used [0x23120000, 0x23176568, 0x231c0000)
  to   space 640K,   0% used [0x23080000, 0x23080000, 0x23120000)
 tenured generation   total 13120K, used 10454K [0x280a0000, 0x28d70000, 0x32b50000)
   the space 13120K,  79% used [0x280a0000, 0x28ad5a40, 0x28ad5c00, 0x28d70000)
 compacting perm gen  total 12288K, used 9506K [0x32b50000, 0x33750000, 0x36b50000)
   the space 12288K,  77% used [0x32b50000, 0x33498b88, 0x33498c00, 0x33750000)
    ro space 10240K,  42% used [0x36b50000, 0x36f8e580, 0x36f8e600, 0x37550000)
    rw space 12288K,  54% used [0x37550000, 0x37bcf128, 0x37bcf200, 0x38150000)
Event: 11.928 GC heap after
Heap after GC invocations=42 (full 1):
 def new generation   total 5952K, used 345K [0x22b50000, 0x231c0000, 0x280a0000)
  eden space 5312K,   0% used [0x22b50000, 0x22b50000, 0x23080000)
  from space 640K,  53% used [0x23080000, 0x230d6490, 0x23120000)
  to   space 640K,   0% used [0x23120000, 0x23120000, 0x231c0000)
 tenured generation   total 13120K, used 10524K [0x280a0000, 0x28d70000, 0x32b50000)
   the space 13120K,  80% used [0x280a0000, 0x28ae73e0, 0x28ae7400, 0x28d70000)
 compacting perm gen  total 12288K, used 9506K [0x32b50000, 0x33750000, 0x36b50000)
   the space 12288K,  77% used [0x32b50000, 0x33498b88, 0x33498c00, 0x33750000)
    ro space 10240K,  42% used [0x36b50000, 0x36f8e580, 0x36f8e600, 0x37550000)
    rw space 12288K,  54% used [0x37550000, 0x37bcf128, 0x37bcf200, 0x38150000)
}
Event: 11.957 GC heap before
{Heap before GC invocations=42 (full 1):
 def new generation   total 5952K, used 5657K [0x22b50000, 0x231c0000, 0x280a0000)
  eden space 5312K, 100% used [0x22b50000, 0x23080000, 0x23080000)
  from space 640K,  53% used [0x23080000, 0x230d6490, 0x23120000)
  to   space 640K,   0% used [0x23120000, 0x23120000, 0x231c0000)
 tenured generation   total 13120K, used 10524K [0x280a0000, 0x28d70000, 0x32b50000)
   the space 13120K,  80% used [0x280a0000, 0x28ae73e0, 0x28ae7400, 0x28d70000)
 compacting perm gen  total 12288K, used 9506K [0x32b50000, 0x33750000, 0x36b50000)
   the space 12288K,  77% used [0x32b50000, 0x33498b88, 0x33498c00, 0x33750000)
    ro space 10240K,  42% used [0x36b50000, 0x36f8e580, 0x36f8e600, 0x37550000)
    rw space 12288K,  54% used [0x37550000, 0x37bcf128, 0x37bcf200, 0x38150000)
Event: 11.959 GC heap after
Heap after GC invocations=43 (full 1):
 def new generation   total 5952K, used 357K [0x22b50000, 0x231c0000, 0x280a0000)
  eden space 5312K,   0% used [0x22b50000, 0x22b50000, 0x23080000)
  from space 640K,  55% used [0x23120000, 0x23179600, 0x231c0000)
  to   space 640K,   0% used [0x23080000, 0x23080000, 0x23120000)
 tenured generation   total 13120K, used 10631K [0x280a0000, 0x28d70000, 0x32b50000)
   the space 13120K,  81% used [0x280a0000, 0x28b01ec0, 0x28b02000, 0x28d70000)
 compacting perm gen  total 12288K, used 9506K [0x32b50000, 0x33750000, 0x36b50000)
   the space 12288K,  77% used [0x32b50000, 0x33498b88, 0x33498c00, 0x33750000)
    ro space 10240K,  42% used [0x36b50000, 0x36f8e580, 0x36f8e600, 0x37550000)
    rw space 12288K,  54% used [0x37550000, 0x37bcf128, 0x37bcf200, 0x38150000)
}
Event: 12.396 GC heap before
{Heap before GC invocations=43 (full 1):
 def new generation   total 5952K, used 5669K [0x22b50000, 0x231c0000, 0x280a0000)
  eden space 5312K, 100% used [0x22b50000, 0x23080000, 0x23080000)
  from space 640K,  55% used [0x23120000, 0x23179600, 0x231c0000)
  to   space 640K,   0% used [0x23080000, 0x23080000, 0x23120000)
 tenured generation   total 13120K, used 10631K [0x280a0000, 0x28d70000, 0x32b50000)
   the space 13120K,  81% used [0x280a0000, 0x28b01ec0, 0x28b02000, 0x28d70000)
 compacting perm gen  total 12288K, used 9527K [0x32b50000, 0x33750000, 0x36b50000)
   the space 12288K,  77% used [0x32b50000, 0x3349df50, 0x3349e000, 0x33750000)
    ro space 10240K,  42% used [0x36b50000, 0x36f8e580, 0x36f8e600, 0x37550000)
    rw space 12288K,  54% used [0x37550000, 0x37bcf128, 0x37bcf200, 0x38150000)
Event: 12.398 GC heap after
Heap after GC invocations=44 (full 1):
 def new generation   total 5952K, used 398K [0x22b50000, 0x231c0000, 0x280a0000)
  eden space 5312K,   0% used [0x22b50000, 0x22b50000, 0x23080000)
  from space 640K,  62% used [0x23080000, 0x230e3b98, 0x23120000)
  to   space 640K,   0% used [0x23120000, 0x23120000, 0x231c0000)
 tenured generation   total 13120K, used 10716K [0x280a0000, 0x28d70000, 0x32b50000)
   the space 13120K,  81% used [0x280a0000, 0x28b170f8, 0x28b17200, 0x28d70000)
 compacting perm gen  total 12288K, used 9527K [0x32b50000, 0x33750000, 0x36b50000)
   the space 12288K,  77% used [0x32b50000, 0x3349df50, 0x3349e000, 0x33750000)
    ro space 10240K,  42% used [0x36b50000, 0x36f8e580, 0x36f8e600, 0x37550000)
    rw space 12288K,  54% used [0x37550000, 0x37bcf128, 0x37bcf200, 0x38150000)
}

Deoptimization events (0 events):
No events

Internal exceptions (10 events):
Event: 12.407 Thread 0x02fd8c00 Threw 0x22c42b50 at C:\jdk7u5_32P\jdk7u5\hotspot\src\share\vm\prims\jvm.cpp:1166
Event: 12.407 Thread 0x02fd8c00 Threw 0x22c46568 at C:\jdk7u5_32P\jdk7u5\hotspot\src\share\vm\prims\jvm.cpp:1166
Event: 12.407 Thread 0x02fd8c00 Threw 0x22c46a78 at C:\jdk7u5_32P\jdk7u5\hotspot\src\share\vm\prims\jvm.cpp:1166
Event: 12.407 Thread 0x02fd8c00 Threw 0x22c4a490 at C:\jdk7u5_32P\jdk7u5\hotspot\src\share\vm\prims\jvm.cpp:1166
Event: 12.407 Thread 0x02fd8c00 Threw 0x22c4af20 at C:\jdk7u5_32P\jdk7u5\hotspot\src\share\vm\prims\jvm.cpp:1166
Event: 12.407 Thread 0x02fd8c00 Threw 0x22c4e938 at C:\jdk7u5_32P\jdk7u5\hotspot\src\share\vm\prims\jvm.cpp:1166
Event: 12.407 Thread 0x02fd8c00 Threw 0x22c4ee48 at C:\jdk7u5_32P\jdk7u5\hotspot\src\share\vm\prims\jvm.cpp:1166
Event: 12.407 Thread 0x02fd8c00 Threw 0x22c52860 at C:\jdk7u5_32P\jdk7u5\hotspot\src\share\vm\prims\jvm.cpp:1166
Event: 12.548 Thread 0x02fd8c00 Threw 0x22d35a30 at C:\jdk7u5_32P\jdk7u5\hotspot\src\share\vm\prims\jvm.cpp:1166
Event: 12.550 Thread 0x02fd8c00 Threw 0x22d3b038 at C:\jdk7u5_32P\jdk7u5\hotspot\src\share\vm\prims\jvm.cpp:1166

Events (10 events):
Event: 82.103 loading class 0x02f34e00
Event: 82.103 loading class 0x02f34e00 done
Event: 82.103 loading class 0x02b2ac50
Event: 82.103 loading class 0x02b2ac50 done
Event: 82.104 loading class 0x381a20f0
Event: 82.104 loading class 0x381a20f0 done
Event: 82.106 loading class 0x381bd658
Event: 82.106 loading class 0x381bd658 done
Event: 82.106 loading class 0x02f36118
Event: 82.106 loading class 0x02f36118 done


Dynamic libraries:
0x00400000 - 0x0042f000 	C:\Program Files\Java\jre7\bin\javaw.exe
0x7c900000 - 0x7c9b2000 	C:\WINDOWS\system32\ntdll.dll
0x7c800000 - 0x7c8f6000 	C:\WINDOWS\system32\kernel32.dll
0x64d00000 - 0x64d3c000 	C:\Program Files\AVAST Software\Avast\snxhk.dll
0x77dd0000 - 0x77e6b000 	C:\WINDOWS\system32\ADVAPI32.dll
0x77e70000 - 0x77f03000 	C:\WINDOWS\system32\RPCRT4.dll
0x77fe0000 - 0x77ff1000 	C:\WINDOWS\system32\Secur32.dll
0x7e410000 - 0x7e4a1000 	C:\WINDOWS\system32\USER32.dll
0x77f10000 - 0x77f59000 	C:\WINDOWS\system32\GDI32.dll
0x773d0000 - 0x774d3000 	C:\WINDOWS\WinSxS\x86_Microsoft.Windows.Common-Controls_6595b64144ccf1df_6.0.2600.6028_x-ww_61e65202\COMCTL32.dll
0x77c10000 - 0x77c68000 	C:\WINDOWS\system32\msvcrt.dll
0x77f60000 - 0x77fd6000 	C:\WINDOWS\system32\SHLWAPI.dll
0x76390000 - 0x763ad000 	C:\WINDOWS\system32\IMM32.DLL
0x78aa0000 - 0x78b5e000 	C:\Program Files\Java\jre7\bin\msvcr100.dll
0x6d880000 - 0x6dbca000 	C:\Program Files\Java\jre7\bin\client\jvm.dll
0x71ad0000 - 0x71ad9000 	C:\WINDOWS\system32\WSOCK32.dll
0x71ab0000 - 0x71ac7000 	C:\WINDOWS\system32\WS2_32.dll
0x71aa0000 - 0x71aa8000 	C:\WINDOWS\system32\WS2HELP.dll
0x76b40000 - 0x76b6d000 	C:\WINDOWS\system32\WINMM.dll
0x76bf0000 - 0x76bfb000 	C:\WINDOWS\system32\PSAPI.DLL
0x6d810000 - 0x6d81c000 	C:\Program Files\Java\jre7\bin\verify.dll
0x6d2f0000 - 0x6d310000 	C:\Program Files\Java\jre7\bin\java.dll
0x6d860000 - 0x6d873000 	C:\Program Files\Java\jre7\bin\zip.dll
0x6d000000 - 0x6d142000 	C:\Program Files\Java\jre7\bin\awt.dll
0x77120000 - 0x771ab000 	C:\WINDOWS\system32\OLEAUT32.dll
0x774e0000 - 0x7761e000 	C:\WINDOWS\system32\ole32.dll
0x5ad70000 - 0x5ada8000 	C:\WINDOWS\system32\uxtheme.dll
0x74720000 - 0x7476c000 	C:\WINDOWS\system32\MSCTF.dll
0x755c0000 - 0x755ee000 	C:\WINDOWS\system32\msctfime.ime
0x7c9c0000 - 0x7d1d7000 	C:\WINDOWS\system32\SHELL32.dll
0x4fdd0000 - 0x4ff76000 	C:\WINDOWS\system32\d3d9.dll
0x03320000 - 0x03326000 	C:\WINDOWS\system32\d3d8thk.dll
0x77c00000 - 0x77c08000 	C:\WINDOWS\system32\VERSION.dll
0x6d240000 - 0x6d26a000 	C:\Program Files\Java\jre7\bin\fontmanager.dll
0x6d610000 - 0x6d624000 	C:\Program Files\Java\jre7\bin\net.dll
0x6d630000 - 0x6d63f000 	C:\Program Files\Java\jre7\bin\nio.dll
0x68000000 - 0x68036000 	C:\WINDOWS\system32\rsaenh.dll
0x769c0000 - 0x76a74000 	C:\WINDOWS\system32\USERENV.dll
0x5b860000 - 0x5b8b5000 	C:\WINDOWS\system32\netapi32.dll
0x71a50000 - 0x71a8f000 	C:\WINDOWS\System32\mswsock.dll
0x76f20000 - 0x76f47000 	C:\WINDOWS\system32\DNSAPI.dll
0x76d60000 - 0x76d79000 	C:\WINDOWS\system32\iphlpapi.dll
0x76fb0000 - 0x76fb8000 	C:\WINDOWS\System32\winrnr.dll
0x76f60000 - 0x76f8c000 	C:\WINDOWS\system32\WLDAP32.dll
0x64000000 - 0x64021000 	C:\Program Files\Bonjour\mdnsNSP.dll
0x76fc0000 - 0x76fc6000 	C:\WINDOWS\system32\rasadhlp.dll
0x6b0c0000 - 0x6b12a000 	C:\Documents and Settings\treewalker\Local Settings\Temp\sqlite-3.6.0-sqlitejdbc.dll
0x6d7b0000 - 0x6d7e1000 	C:\Program Files\Java\jre7\bin\t2k.dll
0x76fd0000 - 0x7704f000 	C:\WINDOWS\system32\CLBCATQ.DLL
0x77050000 - 0x77115000 	C:\WINDOWS\system32\COMRes.dll
0x5d090000 - 0x5d12a000 	C:\WINDOWS\system32\comctl32.dll
0x73000000 - 0x73026000 	C:\WINDOWS\system32\WINSPOOL.DRV
0x04f70000 - 0x04fbf000 	C:\WINDOWS\System32\spool\DRIVERS\W32X86\3\pdfprn.dll
0x763b0000 - 0x763f9000 	C:\WINDOWS\system32\comdlg32.dll
0x03770000 - 0x0378c000 	C:\WINDOWS\System32\spool\DRIVERS\W32X86\3\pdfui.dll
0x77920000 - 0x77a13000 	C:\WINDOWS\system32\SETUPAPI.dll
0x77b40000 - 0x77b62000 	C:\WINDOWS\system32\appHelp.dll
0x64e40000 - 0x64e61000 	C:\Program Files\AVAST Software\Avast\ashShell.dll
0x7d1e0000 - 0x7d49c000 	C:\WINDOWS\system32\msi.dll
0x05960000 - 0x05978000 	C:\Program Files\Common Files\TortoiseOverlays\TortoiseOverlays.dll
0x05940000 - 0x0594e000 	C:\Program Files\TortoiseSVN\bin\TortoiseStub.dll
0x054b0000 - 0x05565000 	C:\Program Files\TortoiseSVN\bin\TortoiseSVN.dll
0x76780000 - 0x76789000 	C:\WINDOWS\system32\SHFOLDER.dll
0x3d930000 - 0x3da16000 	C:\WINDOWS\system32\WININET.dll
0x05580000 - 0x05589000 	C:\WINDOWS\system32\Normaliz.dll
0x78130000 - 0x78263000 	C:\WINDOWS\system32\urlmon.dll
0x3dfd0000 - 0x3e1bb000 	C:\WINDOWS\system32\iertutil.dll
0x6eec0000 - 0x6eee2000 	C:\Program Files\TortoiseSVN\bin\libapr_tsvn.dll
0x78520000 - 0x785c3000 	C:\WINDOWS\WinSxS\x86_Microsoft.VC90.CRT_1fc8b3b9a1e18e3b_9.0.30729.5570_x-ww_0517bbc6\MSVCR90.dll
0x6ee60000 - 0x6ee92000 	C:\Program Files\TortoiseSVN\bin\libaprutil_tsvn.dll
0x10000000 - 0x1000d000 	C:\Program Files\TortoiseSVN\bin\intl3_tsvn.dll
0x78480000 - 0x7850e000 	C:\WINDOWS\WinSxS\x86_Microsoft.VC90.CRT_1fc8b3b9a1e18e3b_9.0.30729.5570_x-ww_0517bbc6\MSVCP90.dll
0x77a80000 - 0x77b15000 	C:\WINDOWS\system32\CRYPT32.dll
0x77b20000 - 0x77b32000 	C:\WINDOWS\system32\MSASN1.dll
0x661c0000 - 0x663dd000 	C:\PROGRA~1\MICROS~2\Office12\GRA8E1~1.DLL
0x68ef0000 - 0x68fe1000 	C:\PROGRA~1\MICROS~2\Office12\GrooveUtil.DLL
0x05860000 - 0x058fb000 	C:\WINDOWS\WinSxS\x86_Microsoft.VC80.CRT_1fc8b3b9a1e18e3b_8.0.50727.4053_x-ww_e6967989\MSVCR80.dll
0x68ff0000 - 0x68ff7000 	C:\PROGRA~1\MICROS~2\Office12\GrooveNew.DLL
0x7c630000 - 0x7c64b000 	C:\WINDOWS\WinSxS\x86_Microsoft.VC80.ATL_1fc8b3b9a1e18e3b_8.0.50727.42_x-ww_6e805841\ATL80.DLL
0x76380000 - 0x76385000 	C:\WINDOWS\system32\MSImg32.dll
0x76990000 - 0x769b5000 	C:\WINDOWS\system32\ntshrui.dll
0x76b20000 - 0x76b31000 	C:\WINDOWS\system32\ATL.DLL
0x76980000 - 0x76988000 	C:\WINDOWS\system32\LINKINFO.dll
0x65e30000 - 0x65e67000 	C:\PROGRA~1\MICROS~2\Office12\GR99D3~1.DLL
0x74980000 - 0x74aa3000 	C:\WINDOWS\system32\msxml3.dll
0x59a60000 - 0x59b01000 	C:\WINDOWS\system32\dbghelp.dll

VM Arguments:
jvm_args: -Dfile.encoding=Cp1252 
java_command: com.vendhaq.layout.InvoiceScreen
Launcher Type: SUN_STANDARD

Environment Variables:
CLASSPATH=.;C:\Program Files\QuickTime\QTSystem\QTJava.zip
PATH=C:/Program Files/Java/jre7/bin/client;C:/Program Files/Java/jre7/bin;C:/Program Files/Java/jre7/lib/i386;C:\Ruby\bin;C:\WINDOWS\system32;C:\WINDOWS;C:\WINDOWS\System32\Wbem;C:\Program Files\php;C:\Program Files\MySQL\MySQL Server 5.0\bin;C:\Documents and Settings\treewalker\Desktop\APACHE_HOME\PHP_HOME;C:\Program Files\TortoiseSVN\bin;C:\Program Files\QuickTime\QTSystem\;C:\Documents and Settings\treewalker\Application Data\npm;C:\Program Files\nodejs;C:\Ruby193\bin;D:\kiran\Android\android-sdk-windows\platform-tools;C:\Program Files\Lua\5.1;C:\Program Files\Lua\5.1\clibs;C:\Program Files\Java\jdk1.6.0_34\bin;D:\kiran\Android\android-sdk-windows\tools;C:\Program Files\Git\bin;C:\devkit\bin;D:\Software\eclipse-jee-indigo-SR2-win32\eclipse;
USERNAME=treewalker
OS=Windows_NT
PROCESSOR_IDENTIFIER=x86 Family 16 Model 6 Stepping 3, AuthenticAMD



---------------  S Y S T E M  ---------------

OS: Windows XP Build 2600 Service Pack 3

CPU:total 2 (2 cores per cpu, 1 threads per core) family 16 model 6 stepping 3, cmov, cx8, fxsr, mmx, sse, sse2, sse3, popcnt, mmxext, 3dnowpref, lzcnt, sse4a, tsc, tscinvbit, tscinv

Memory: 4k page, physical 1834136k(489404k free), swap 3774076k(1606496k free)

vm_info: Java HotSpot(TM) Client VM (23.1-b03) for windows-x86 JRE (1.7.0_05-b05), built on May 15 2012 18:11:27 by "java_re" with unknown MS VC++:1600

time: Fri Jan 04 16:39:45 2013
elapsed time: 82 seconds

